[LOG] System::create                           : Header version = 1.10.12. Current version = 1.10.12.
[LOG] Manager::init                            : maxchannels = 256 studioflags = 00000006 flags 00000000 extradriverdata 0x0.
[LOG] SystemI::init                            : Initialize version=11012 (101101), maxchannels=256, flags=0x00020000
[LOG] SystemI::setOutputInternal               : Setting output to 'FMOD Core Audio Output'
[LOG] OutputCoreAudio::init                    : Output running 2 channels at 96000Hz sample rate.
[LOG] OutputCoreAudio::init                    : Maximum hardware read size: 1024 samples, Software buffer size: 512 samples, Number of software buffers: 4.
[WRN] SystemI::init                            : Output requires a sample rate of 96000Hz, resampling will occur.
[LOG] Thread::initThread                       : Init FMOD stream thread. Priority: 2, Stack Size: 65536, Semaphore: No, Sleep Time: 10, Looping: Yes.
[LOG] Thread::initThread                       : Init FMOD mixer thread. Priority: 3, Stack Size: 49152, Semaphore: Yes, Sleep Time: 0, Looping: Yes.
[LOG] AsyncManager::init                       : manager 0x7fcae116c008 isAsync 0 updatePeriod 0.02
[LOG] AsyncManager::init                       : done
[LOG] PlaybackSystem::init                     : 
[LOG] Thread::initThread                       : Init FMOD Studio sample load thread. Priority: 0, Stack Size: 65536, Semaphore: No, Sleep Time: 1, Looping: No.
[LOG] PlaybackSystem::init                     : done
[LOG] Thread::initThread                       : Init FMOD Studio bank load thread. Priority: 0, Stack Size: 65536, Semaphore: No, Sleep Time: 1, Looping: No.
[LOG] Manager::init                            : done.
[LOG] Manager::readBank                        : fileversion = 103, compatVersion = 99 (oldest = 44, newest = 103)
[LOG] SystemI::createSoundInternal             : Create name='', mode=0x02000202
[LOG] SystemI::createSoundInternal             : exinfo->cbsize             = 232
[LOG] SystemI::createSoundInternal             : exinfo->length             = 6372480
[LOG] SystemI::createSoundInternal             : exinfo->fileoffset         = 24000
[LOG] SystemI::createSoundInternal             : exinfo->numsubsounds       = 1
[LOG] SystemI::createSoundInternal             : exinfo->inclusionlist      = 0x70000a8188ac
[LOG] SystemI::createSoundInternal             : exinfo->inclusionlistnum   = 1
[LOG] SystemI::createSoundInternal             : exinfo->suggestedsoundtype = 5
[LOG] SystemI::createSoundInternal             : exinfo->useropen           = 0x14a00ad96
[LOG] SystemI::createSoundInternal             : exinfo->userclose          = 0x14a00ae4d
[LOG] SystemI::createSoundInternal             : exinfo->userread           = 0x14a00ae7d
[LOG] SystemI::createSoundInternal             : exinfo->userseek           = 0x14a00af1e
[LOG] SystemI::createSoundInternal             : exinfo->fileuserdata       = 0x7fcae7f9c7d8
[LOG] SystemI::createSoundInternal             : exinfo->initialseekpostype = 1
[LOG] SystemI::DSPCodecPoolRegister            : register codec pool for pool type 5
[LOG] SystemI::createSoundInternal             : Sample 0/1: name='Menu Confirm', format=2, channels=2, frequency=48000, lengthbytes=17376, lengthpcm=108000, pcmblocksize=0, loopstart=0, loopend=0, mode=0x00000000, channelmask=0x00000000, channelorder=0, peakvolume=0.216612.
[LOG] Manager::readBank                        : fileversion = 103, compatVersion = 99 (oldest = 44, newest = 103)
[LOG] Manager::readBank                        : fileversion = 103, compatVersion = 99 (oldest = 44, newest = 103)
[LOG] Manager::receiveLiveUpdateBank           : Received live update bank path: fmod:///remote//Users/michaelmccaughey/Library/Application Support/FMOD Studio/UnsavedProjects/Hotswap-6k8sU7/hotswap_14.bank
[LOG] ProfileRemoteFile::fileOpen              : Attemping to open remote file '/Users/michaelmccaughey/Library/Application Support/FMOD Studio/UnsavedProjects/Hotswap-6k8sU7/hotswap_14.bank'
[LOG] Manager::readBank                        : fileversion = 103, compatVersion = 99 (oldest = 44, newest = 103)
[LOG] Manager::receiveLiveUpdateBank           : Received live update bank path: fmod:///remote//Users/michaelmccaughey/Library/Application Support/FMOD Studio/UnsavedProjects/Hotswap-6k8sU7/hotswap_15.bank
[LOG] ProfileRemoteFile::fileOpen              : Attemping to open remote file '/Users/michaelmccaughey/Library/Application Support/FMOD Studio/UnsavedProjects/Hotswap-6k8sU7/hotswap_15.bank'
[LOG] Manager::readBank                        : fileversion = 103, compatVersion = 99 (oldest = 44, newest = 103)
[LOG] Manager::receiveLiveUpdateBank           : Received live update bank path: fmod:///remote//Users/michaelmccaughey/Library/Application Support/FMOD Studio/UnsavedProjects/Hotswap-6k8sU7/hotswap_16.bank
[LOG] ProfileRemoteFile::fileOpen              : Attemping to open remote file '/Users/michaelmccaughey/Library/Application Support/FMOD Studio/UnsavedProjects/Hotswap-6k8sU7/hotswap_16.bank'
[LOG] Manager::readBank                        : fileversion = 103, compatVersion = 99 (oldest = 44, newest = 103)
[LOG] Manager::receiveLiveUpdateBank           : Received live update bank path: fmod:///remote//Users/michaelmccaughey/Library/Application Support/FMOD Studio/UnsavedProjects/Hotswap-6k8sU7/hotswap_17.bank
[LOG] ProfileRemoteFile::fileOpen              : Attemping to open remote file '/Users/michaelmccaughey/Library/Application Support/FMOD Studio/UnsavedProjects/Hotswap-6k8sU7/hotswap_17.bank'
[LOG] Manager::readBank                        : fileversion = 103, compatVersion = 99 (oldest = 44, newest = 103)
[LOG] Manager::receiveLiveUpdateBank           : Received live update bank path: fmod:///remote//Users/michaelmccaughey/Library/Application Support/FMOD Studio/UnsavedProjects/Hotswap-6k8sU7/hotswap_18.bank
[LOG] ProfileRemoteFile::fileOpen              : Attemping to open remote file '/Users/michaelmccaughey/Library/Application Support/FMOD Studio/UnsavedProjects/Hotswap-6k8sU7/hotswap_18.bank'
[LOG] Manager::readBank                        : fileversion = 103, compatVersion = 99 (oldest = 44, newest = 103)
[LOG] Manager::receiveLiveUpdateBank           : Received live update bank path: fmod:///remote//Users/michaelmccaughey/Library/Application Support/FMOD Studio/UnsavedProjects/Hotswap-6k8sU7/hotswap_19.bank
[LOG] ProfileRemoteFile::fileOpen              : Attemping to open remote file '/Users/michaelmccaughey/Library/Application Support/FMOD Studio/UnsavedProjects/Hotswap-6k8sU7/hotswap_19.bank'
[LOG] Manager::readBank                        : fileversion = 103, compatVersion = 99 (oldest = 44, newest = 103)
[LOG] Manager::receiveLiveUpdateBank           : Received live update bank path: fmod:///remote//Users/michaelmccaughey/Library/Application Support/FMOD Studio/UnsavedProjects/Hotswap-6k8sU7/hotswap_20.bank
[LOG] ProfileRemoteFile::fileOpen              : Attemping to open remote file '/Users/michaelmccaughey/Library/Application Support/FMOD Studio/UnsavedProjects/Hotswap-6k8sU7/hotswap_20.bank'
[LOG] Manager::readBank                        : fileversion = 103, compatVersion = 99 (oldest = 44, newest = 103)
[LOG] Manager::receiveLiveUpdateBank           : Received live update bank path: fmod:///remote//Users/michaelmccaughey/Library/Application Support/FMOD Studio/UnsavedProjects/Hotswap-6k8sU7/hotswap_21.bank
[LOG] ProfileRemoteFile::fileOpen              : Attemping to open remote file '/Users/michaelmccaughey/Library/Application Support/FMOD Studio/UnsavedProjects/Hotswap-6k8sU7/hotswap_21.bank'
[LOG] Manager::readBank                        : fileversion = 103, compatVersion = 99 (oldest = 44, newest = 103)
[LOG] Manager::receiveLiveUpdateBank           : Received live update bank path: fmod:///remote//Users/michaelmccaughey/Library/Application Support/FMOD Studio/UnsavedProjects/Hotswap-6k8sU7/hotswap_22.bank
[LOG] ProfileRemoteFile::fileOpen              : Attemping to open remote file '/Users/michaelmccaughey/Library/Application Support/FMOD Studio/UnsavedProjects/Hotswap-6k8sU7/hotswap_22.bank'
[LOG] Manager::readBank                        : fileversion = 103, compatVersion = 99 (oldest = 44, newest = 103)
[LOG] Manager::readBank                        : fileversion = 103, compatVersion = 99 (oldest = 44, newest = 103)
[LOG] Manager::readBank                        : fileversion = 103, compatVersion = 99 (oldest = 44, newest = 103)
[LOG] Manager::readBank                        : fileversion = 103, compatVersion = 99 (oldest = 44, newest = 103)
[LOG] PlaybackSystem::acquireMasterBus         : Setting master channel group format to 6
[LOG] Manager::receiveLiveUpdateBank           : Received live update bank path: fmod:///remote//Users/michaelmccaughey/Library/Application Support/FMOD Studio/UnsavedProjects/Hotswap-6k8sU7/hotswap_23.bank
[LOG] ProfileRemoteFile::fileOpen              : Attemping to open remote file '/Users/michaelmccaughey/Library/Application Support/FMOD Studio/UnsavedProjects/Hotswap-6k8sU7/hotswap_23.bank'
[LOG] Manager::readBank                        : fileversion = 103, compatVersion = 99 (oldest = 44, newest = 103)
[LOG] Manager::receiveLiveUpdateBank           : Received live update bank path: fmod:///remote//Users/michaelmccaughey/Library/Application Support/FMOD Studio/UnsavedProjects/Hotswap-6k8sU7/hotswap_24.bank
[LOG] ProfileRemoteFile::fileOpen              : Attemping to open remote file '/Users/michaelmccaughey/Library/Application Support/FMOD Studio/UnsavedProjects/Hotswap-6k8sU7/hotswap_24.bank'
[LOG] Manager::readBank                        : fileversion = 103, compatVersion = 99 (oldest = 44, newest = 103)
[LOG] Manager::receiveLiveUpdateBank           : Received live update bank path: fmod:///remote//Users/michaelmccaughey/Library/Application Support/FMOD Studio/UnsavedProjects/Hotswap-6k8sU7/hotswap_25.bank
[LOG] ProfileRemoteFile::fileOpen              : Attemping to open remote file '/Users/michaelmccaughey/Library/Application Support/FMOD Studio/UnsavedProjects/Hotswap-6k8sU7/hotswap_25.bank'
[LOG] Manager::readBank                        : fileversion = 103, compatVersion = 99 (oldest = 44, newest = 103)
[LOG] Manager::receiveLiveUpdateBank           : Received live update bank path: fmod:///remote//Users/michaelmccaughey/Library/Application Support/FMOD Studio/UnsavedProjects/Hotswap-6k8sU7/hotswap_26.bank
[LOG] ProfileRemoteFile::fileOpen              : Attemping to open remote file '/Users/michaelmccaughey/Library/Application Support/FMOD Studio/UnsavedProjects/Hotswap-6k8sU7/hotswap_26.bank'
[LOG] Manager::readBank                        : fileversion = 103, compatVersion = 99 (oldest = 44, newest = 103)
[LOG] Manager::receiveLiveUpdateBank           : Received live update bank path: fmod:///remote//Users/michaelmccaughey/Library/Application Support/FMOD Studio/UnsavedProjects/Hotswap-6k8sU7/hotswap_27.bank
[LOG] ProfileRemoteFile::fileOpen              : Attemping to open remote file '/Users/michaelmccaughey/Library/Application Support/FMOD Studio/UnsavedProjects/Hotswap-6k8sU7/hotswap_27.bank'
[LOG] Manager::readBank                        : fileversion = 103, compatVersion = 99 (oldest = 44, newest = 103)
[LOG] Manager::receiveLiveUpdateBank           : Received live update bank path: fmod:///remote//Users/michaelmccaughey/Library/Application Support/FMOD Studio/UnsavedProjects/Hotswap-6k8sU7/hotswap_28.bank
[LOG] ProfileRemoteFile::fileOpen              : Attemping to open remote file '/Users/michaelmccaughey/Library/Application Support/FMOD Studio/UnsavedProjects/Hotswap-6k8sU7/hotswap_28.bank'
[LOG] Manager::readBank                        : fileversion = 103, compatVersion = 99 (oldest = 44, newest = 103)
[LOG] Manager::receiveLiveUpdateBank           : Received live update bank path: fmod:///remote//Users/michaelmccaughey/Library/Application Support/FMOD Studio/UnsavedProjects/Hotswap-6k8sU7/hotswap_29.bank
[LOG] ProfileRemoteFile::fileOpen              : Attemping to open remote file '/Users/michaelmccaughey/Library/Application Support/FMOD Studio/UnsavedProjects/Hotswap-6k8sU7/hotswap_29.bank'
[LOG] Manager::readBank                        : fileversion = 103, compatVersion = 99 (oldest = 44, newest = 103)
[LOG] Manager::receiveLiveUpdateBank           : Received live update bank path: fmod:///remote//Users/michaelmccaughey/Library/Application Support/FMOD Studio/UnsavedProjects/Hotswap-6k8sU7/hotswap_30.bank
[LOG] ProfileRemoteFile::fileOpen              : Attemping to open remote file '/Users/michaelmccaughey/Library/Application Support/FMOD Studio/UnsavedProjects/Hotswap-6k8sU7/hotswap_30.bank'
[LOG] Manager::readBank                        : fileversion = 103, compatVersion = 99 (oldest = 44, newest = 103)
[LOG] Manager::receiveLiveUpdateBank           : Received live update bank path: fmod:///remote//Users/michaelmccaughey/Library/Application Support/FMOD Studio/UnsavedProjects/Hotswap-6k8sU7/hotswap_31.bank
[LOG] ProfileRemoteFile::fileOpen              : Attemping to open remote file '/Users/michaelmccaughey/Library/Application Support/FMOD Studio/UnsavedProjects/Hotswap-6k8sU7/hotswap_31.bank'
[LOG] Manager::readBank                        : fileversion = 103, compatVersion = 99 (oldest = 44, newest = 103)
[LOG] Manager::receiveLiveUpdateBank           : Received live update bank path: fmod:///remote//Users/michaelmccaughey/Library/Application Support/FMOD Studio/UnsavedProjects/Hotswap-6k8sU7/hotswap_32.bank
[LOG] ProfileRemoteFile::fileOpen              : Attemping to open remote file '/Users/michaelmccaughey/Library/Application Support/FMOD Studio/UnsavedProjects/Hotswap-6k8sU7/hotswap_32.bank'
[LOG] Manager::readBank                        : fileversion = 103, compatVersion = 99 (oldest = 44, newest = 103)
[LOG] Manager::receiveLiveUpdateBank           : Received live update bank path: fmod:///remote//Users/michaelmccaughey/Library/Application Support/FMOD Studio/UnsavedProjects/Hotswap-6k8sU7/hotswap_33.bank
[LOG] ProfileRemoteFile::fileOpen              : Attemping to open remote file '/Users/michaelmccaughey/Library/Application Support/FMOD Studio/UnsavedProjects/Hotswap-6k8sU7/hotswap_33.bank'
[LOG] Manager::readBank                        : fileversion = 103, compatVersion = 99 (oldest = 44, newest = 103)
[LOG] Manager::receiveLiveUpdateBank           : Received live update bank path: fmod:///remote//Users/michaelmccaughey/Library/Application Support/FMOD Studio/UnsavedProjects/Hotswap-6k8sU7/hotswap_34.bank
[LOG] ProfileRemoteFile::fileOpen              : Attemping to open remote file '/Users/michaelmccaughey/Library/Application Support/FMOD Studio/UnsavedProjects/Hotswap-6k8sU7/hotswap_34.bank'
[LOG] Manager::readBank                        : fileversion = 103, compatVersion = 99 (oldest = 44, newest = 103)
[LOG] Manager::receiveLiveUpdateBank           : Received live update bank path: fmod:///remote//Users/michaelmccaughey/Library/Application Support/FMOD Studio/UnsavedProjects/Hotswap-6k8sU7/hotswap_35.bank
[LOG] ProfileRemoteFile::fileOpen              : Attemping to open remote file '/Users/michaelmccaughey/Library/Application Support/FMOD Studio/UnsavedProjects/Hotswap-6k8sU7/hotswap_35.bank'
[LOG] Manager::readBank                        : fileversion = 103, compatVersion = 99 (oldest = 44, newest = 103)
[LOG] Manager::receiveLiveUpdateBank           : Received live update bank path: fmod:///remote//Users/michaelmccaughey/Library/Application Support/FMOD Studio/UnsavedProjects/Hotswap-6k8sU7/hotswap_36.bank
[LOG] ProfileRemoteFile::fileOpen              : Attemping to open remote file '/Users/michaelmccaughey/Library/Application Support/FMOD Studio/UnsavedProjects/Hotswap-6k8sU7/hotswap_36.bank'
[LOG] Manager::readBank                        : fileversion = 103, compatVersion = 99 (oldest = 44, newest = 103)
[LOG] SystemI::createSound                     : filename = /Users/michaelmccaughey/Desktop/Game-Parade-2020_Audio/Build/Desktop/Master Bank.bank : mode 02010082
[LOG] SystemI::createSound                     : FMOD_NONBLOCKING specified.  Putting into queue to be opened asynchronously!
[LOG] SystemI::createSound                     : setdata soundi = 0x7fcaea748808 : node = 0x7fcaea7489c0
[LOG] SystemI::createSound                     : add node to async list : head = 0x7fcaeb0a6178.  list count = 0
[LOG] AsyncThread::threadFunc                  : Starting Asynchronous operation on sound 0x7fcaea748808
[LOG] SystemI::createSoundInternal             :     Create name='/Users/michaelmccaughey/Desktop/Game-Parade-2020_Audio/Build/Desktop/Master Bank.bank', mode=0x02010082
[LOG] SystemI::createSoundInternal             :     exinfo->cbsize             = 232
[LOG] SystemI::createSoundInternal             :     exinfo->length             = 6372480
[LOG] SystemI::createSoundInternal             :     exinfo->fileoffset         = 24000
[LOG] SystemI::createSoundInternal             :     exinfo->numsubsounds       = 1
[LOG] SystemI::createSoundInternal             :     exinfo->inclusionlist      = 0x7fcaea748ad8
[LOG] SystemI::createSoundInternal             :     exinfo->inclusionlistnum   = 1
[LOG] SystemI::createSoundInternal             :     exinfo->suggestedsoundtype = 5
[LOG] SystemI::createSoundInternal             :     exinfo->initialseekpostype = 1
[LOG] SystemI::createSoundInternal             :     Stream 0/1: name='Good Theme MIXED No Birds', format=2, channels=2, frequency=48000, lengthbytes=965344, lengthpcm=3840000, pcmblocksize=0, loopstart=0, loopend=0, mode=0x00000000, channelmask=0x00000000, channelorder=0, peakvolume=0.180127.
[LOG] AsyncThread::threadFunc                  : Finished Asynchronous operation on sound 0x7fcaea748808
[LOG] SoundI::getSubSound                      : sound 0x7fcaea748808.  Subsound index 0 / 1
[LOG] SoundI::release                          : Backstory Track MIXED (0x7fcaeb0bae48)
[LOG] SoundI::release                          :     Backstory Track MIXED (0x7fcaea5b32b8)
[LOG] SoundI::release                          :     Backstory Track MIXED (0x7fcaea410738)
[LOG] SoundI::release                          : Good Theme MIXED No Birds (0x7fcaea748808)
[LOG] SoundI::release                          :     Good Theme MIXED No Birds (0x7fcae45e13f8)
[LOG] SoundI::release                          :     Good Theme MIXED No Birds (0x7fcae45e1618)
[LOG] SoundI::release                          :  (0x7fcaea780b28)
[LOG] SoundI::release                          :     Menu Confirm (0x7fcaea0faf18)
[LOG] Thread::callback                         : FMOD Studio update thread finished.
[LOG] Thread::callback                         : FMOD Studio bank load thread finished.
[LOG] ProfileClient::markForDead               : Closing client connection
[ERR] ProfileClient::recvThreadLoopFunction    : Recv thread loop returned 16
[LOG] Thread::callback                         : FMOD profiler thread (recv) finished.
[LOG] Profile::disconnectAll                   : Profiler disconnecting all clients
[LOG] Thread::callback                         : FMOD profiler thread (send) finished.
[LOG] Thread::callback                         : FMOD Studio sample load thread finished.
[LOG] LiveUpdate::release                      : 
[LOG] LiveUpdate::reset                        : Reset connection (reason Disconnected)
[LOG] Thread::callback                         : FMOD stream thread finished.
[LOG] Thread::callback                         : FMOD mixer thread finished.
[LOG] Profile::disconnectAll                   : Profiler disconnecting all clients
[LOG] SystemI::close                           : Closed.
